In-House---Car-Battle-Project-main/Temp/gradleOut/unityLibrary/build/intermediates/manifest_merge_blame_file/release/manifest-merger-blame-release-report.txt
1<?xml version="1.0" encoding="utf-8"?>
2<!-- GENERATED BY UNITY. REMOVE THIS COMMENT TO PREVENT OVERWRITING WHEN EXPORTING AGAIN -->
3<manifest xmlns:android="http://schemas.android.com/apk/res/android"
4    xmlns:tools="http://schemas.android.com/tools"
5    package="com.unity3d.player"
6    android:versionCode="1"
7    android:versionName="0.1" >
8
9    <uses-sdk
10        android:minSdkVersion="19"
10-->src/main/AndroidManifest.xml
11        android:targetSdkVersion="30" />
11-->src/main/AndroidManifest.xml
12
13    <uses-feature android:glEsVersion="0x00020000" />
13-->src/main/AndroidManifest.xml:17:3-52
13-->src/main/AndroidManifest.xml:17:17-49
14
15    <uses-permission android:name="android.permission.INTERNET" />
15-->src/main/AndroidManifest.xml:18:3-65
15-->src/main/AndroidManifest.xml:18:20-62
16
17    <uses-feature
17-->src/main/AndroidManifest.xml:19:3-88
18        android:name="android.hardware.touchscreen"
18-->src/main/AndroidManifest.xml:19:17-60
19        android:required="false" />
19-->src/main/AndroidManifest.xml:19:61-85
20    <uses-feature
20-->src/main/AndroidManifest.xml:20:3-99
21        android:name="android.hardware.touchscreen.multitouch"
21-->src/main/AndroidManifest.xml:20:17-71
22        android:required="false" />
22-->src/main/AndroidManifest.xml:20:72-96
23    <uses-feature
23-->src/main/AndroidManifest.xml:21:3-108
24        android:name="android.hardware.touchscreen.multitouch.distinct"
24-->src/main/AndroidManifest.xml:21:17-80
25        android:required="false" />
25-->src/main/AndroidManifest.xml:21:81-105
26
27    <application>
27-->src/main/AndroidManifest.xml:4:3-16:17
28        <activity
28-->src/main/AndroidManifest.xml:5:5-11:16
29            android:name="com.unity3d.player.UnityPlayerActivity"
29-->src/main/AndroidManifest.xml:5:15-68
30            android:configChanges="mcc|mnc|locale|touchscreen|keyboard|keyboardHidden|navigation|orientation|screenLayout|uiMode|screenSize|smallestScreenSize|fontScale|layoutDirection|density"
30-->src/main/AndroidManifest.xml:5:187-368
31            android:hardwareAccelerated="false"
31-->src/main/AndroidManifest.xml:5:404-439
32            android:launchMode="singleTask"
32-->src/main/AndroidManifest.xml:5:155-186
33            android:resizeableActivity="false"
33-->src/main/AndroidManifest.xml:5:369-403
34            android:screenOrientation="sensorLandscape"
34-->src/main/AndroidManifest.xml:5:111-154
35            android:theme="@style/UnityThemeSelector" >
35-->src/main/AndroidManifest.xml:5:69-110
36            <intent-filter>
36-->src/main/AndroidManifest.xml:6:7-9:23
37                <action android:name="android.intent.action.MAIN" />
37-->src/main/AndroidManifest.xml:7:9-61
37-->src/main/AndroidManifest.xml:7:17-58
38
39                <category android:name="android.intent.category.LAUNCHER" />
39-->src/main/AndroidManifest.xml:8:9-69
39-->src/main/AndroidManifest.xml:8:19-66
40            </intent-filter>
41
42            <meta-data
42-->src/main/AndroidManifest.xml:10:7-82
43                android:name="unityplayer.UnityActivity"
43-->src/main/AndroidManifest.xml:10:18-58
44                android:value="true" />
44-->src/main/AndroidManifest.xml:10:59-79
45        </activity>
46
47        <meta-data
47-->src/main/AndroidManifest.xml:12:5-69
48            android:name="unity.splash-mode"
48-->src/main/AndroidManifest.xml:12:16-48
49            android:value="0" />
49-->src/main/AndroidManifest.xml:12:49-66
50        <meta-data
50-->src/main/AndroidManifest.xml:13:5-74
51            android:name="unity.splash-enable"
51-->src/main/AndroidManifest.xml:13:16-50
52            android:value="True" />
52-->src/main/AndroidManifest.xml:13:51-71
53        <meta-data
53-->src/main/AndroidManifest.xml:14:5-84
54            android:name="unity.allow-resizable-window"
54-->src/main/AndroidManifest.xml:14:16-59
55            android:value="False" />
55-->src/main/AndroidManifest.xml:14:60-81
56        <meta-data
56-->src/main/AndroidManifest.xml:15:5-101
57            android:name="unity.build-id"
57-->src/main/AndroidManifest.xml:15:16-45
58            android:value="a495e4c7-d815-4db0-8da8-712a600c50cc" />
58-->src/main/AndroidManifest.xml:15:46-98
59    </application>
60
61</manifest>